<?xml version="1.0" encoding="UTF-8"?>
<testsuites>
<testsuite timestamp="2026-09-12T21:45:58" hostname="Kogan-Hard-Reset-Laptop" package="formal" id="0" name="skid_cover" tests="9" errors="0" failures="0" time="0" skipped="7">
<properties>
<property name="os" value="Linux"/>
<property name="expect" value="PASS"/>
<property name="status" value="PASS"/>
</properties>
<testcase classname="skid_cover" name="build execution" time="0">
</testcase>
<testcase classname="skid_cover" name="Property ASSERT in skid at skid.sv:44.13-44.35" time="0" type="ASSERT" location="skid.sv:44.13-44.35" id="_witness_.check_assert_skid_sv_44_17">
<skipped />
</testcase>
<testcase classname="skid_cover" name="Property ASSERT in skid at skid.sv:45.13-45.48" time="0" type="ASSERT" location="skid.sv:45.13-45.48" id="_witness_.check_assert_skid_sv_45_19">
<skipped />
</testcase>
<testcase classname="skid_cover" name="Property ASSERT in skid at skid.sv:46.13-46.48" time="0" type="ASSERT" location="skid.sv:46.13-46.48" id="_witness_.check_assert_skid_sv_46_22">
<skipped />
</testcase>
<testcase classname="skid_cover" name="Property ASSERT in skid at skid.sv:47.13-47.43" time="0" type="ASSERT" location="skid.sv:47.13-47.43" id="_witness_.check_assert_skid_sv_47_25">
<skipped />
</testcase>
<testcase classname="skid_cover" name="Property ASSERT in skid at skid.sv:48.13-48.58" time="0" type="ASSERT" location="skid.sv:48.13-48.58" id="_witness_.check_assert_skid_sv_48_29">
<skipped />
</testcase>
<testcase classname="skid_cover" name="Property ASSERT in skid at skid.sv:58.17-58.71" time="0" type="ASSERT" location="skid.sv:58.17-58.71" id="_witness_.check_assert_skid_sv_58_48">
<skipped />
</testcase>
<testcase classname="skid_cover" name="Property ASSERT in skid at skid.sv:62.17-62.92" time="0" type="ASSERT" location="skid.sv:62.17-62.92" id="_witness_.check_assert_skid_sv_62_55">
<skipped />
</testcase>
<testcase classname="skid_cover" name="Property COVER in skid at skid.sv:69.9-69.23" time="0" type="COVER" location="skid.sv:69.9-69.23" id="_witness_.check_cover_skid_sv_69_61" tracefile="engine_0/trace1.vcd">
</testcase>
<testcase classname="skid_cover" name="Property COVER in skid at skid.sv:70.9-70.34" time="0" type="COVER" location="skid.sv:70.9-70.34" id="_witness_.check_cover_skid_sv_70_62" tracefile="engine_0/trace0.vcd">
</testcase>
<system-out>SBY 21:45:57 [synth/formal_ctrl_bmc] Removing directory '/home/yuvalk/HWSW/HWSW_Proj/hw/huffman_engine/synth/formal_ctrl_bmc'.
SBY 21:45:57 [synth/formal_ctrl_cover] Removing directory '/home/yuvalk/HWSW/HWSW_Proj/hw/huffman_engine/synth/formal_ctrl_cover'.
SBY 21:45:57 [synth/formal_skid_bmc] Removing directory '/home/yuvalk/HWSW/HWSW_Proj/hw/huffman_engine/synth/formal_skid_bmc'.
SBY 21:45:57 [synth/formal_skid_cover] Removing directory '/home/yuvalk/HWSW/HWSW_Proj/hw/huffman_engine/synth/formal_skid_cover'.
SBY 21:45:57 [synth/formal_skid_cover] Copy '/home/yuvalk/HWSW/HWSW_Proj/hw/huffman_engine/rtl/huff_ctrl.sv' to '/home/yuvalk/HWSW/HWSW_Proj/hw/huffman_engine/synth/formal_skid_cover/src/huff_ctrl.sv'.
SBY 21:45:57 [synth/formal_skid_cover] Copy '/home/yuvalk/HWSW/HWSW_Proj/hw/huffman_engine/rtl/huff_out.sv' to '/home/yuvalk/HWSW/HWSW_Proj/hw/huffman_engine/synth/formal_skid_cover/src/huff_out.sv'.
SBY 21:45:57 [synth/formal_skid_cover] Copy '/home/yuvalk/HWSW/HWSW_Proj/hw/huffman_engine/formal/ctrl_arcs.sv' to '/home/yuvalk/HWSW/HWSW_Proj/hw/huffman_engine/synth/formal_skid_cover/src/ctrl_arcs.sv'.
SBY 21:45:57 [synth/formal_skid_cover] Copy '/home/yuvalk/HWSW/HWSW_Proj/hw/huffman_engine/formal/skid.sv' to '/home/yuvalk/HWSW/HWSW_Proj/hw/huffman_engine/synth/formal_skid_cover/src/skid.sv'.
SBY 21:45:57 [synth/formal_skid_cover] engine_0: smtbmc
SBY 21:45:57 [synth/formal_skid_cover] base: starting process &quot;cd synth/formal_skid_cover/src; yosys -ql ../model/design.log ../model/design.ys&quot;
SBY 21:45:57 [synth/formal_skid_cover] base: finished (returncode=0)
SBY 21:45:57 [synth/formal_skid_cover] prep: starting process &quot;cd synth/formal_skid_cover/model; yosys -ql design_prep.log design_prep.ys&quot;
SBY 21:45:58 [synth/formal_skid_cover] prep: finished (returncode=0)
SBY 21:45:58 [synth/formal_skid_cover] smt2: starting process &quot;cd synth/formal_skid_cover/model; yosys -ql design_smt2.log design_smt2.ys&quot;
SBY 21:45:58 [synth/formal_skid_cover] smt2: finished (returncode=0)
SBY 21:45:58 [synth/formal_skid_cover] engine_0: starting process &quot;cd synth/formal_skid_cover; yosys-smtbmc --presat --unroll -c --noprogress -t 30  --append 0 --dump-vcd engine_0/trace%.vcd --dump-yw engine_0/trace%.yw --dump-vlogtb engine_0/trace%_tb.v --dump-smtc engine_0/trace%.smtc model/design_smt2.smt2&quot;
SBY 21:45:58 [synth/formal_skid_cover] engine_0: ##   0:00:00  Solver: yices
SBY 21:45:58 [synth/formal_skid_cover] engine_0: ##   0:00:00  Checking cover reachability in step 0..
SBY 21:45:58 [synth/formal_skid_cover] engine_0: ##   0:00:00  Checking cover reachability in step 1..
SBY 21:45:58 [synth/formal_skid_cover] engine_0: ##   0:00:00  Checking cover reachability in step 2..
SBY 21:45:58 [synth/formal_skid_cover] engine_0: ##   0:00:00  Checking cover reachability in step 3..
SBY 21:45:58 [synth/formal_skid_cover] engine_0: ##   0:00:00  Reached cover statement in step 3 at skid: skid.sv:70.9-70.34 (_witness_.check_cover_skid_sv_70_62)
SBY 21:45:58 [synth/formal_skid_cover] engine_0: ##   0:00:00  Writing trace to VCD file: engine_0/trace0.vcd
SBY 21:45:58 [synth/formal_skid_cover] engine_0: ##   0:00:00  Writing trace to Verilog testbench: engine_0/trace0_tb.v
SBY 21:45:58 [synth/formal_skid_cover] engine_0: ##   0:00:00  Writing trace to constraints file: engine_0/trace0.smtc
SBY 21:45:58 [synth/formal_skid_cover] engine_0: ##   0:00:00  Writing trace to Yosys witness file: engine_0/trace0.yw
SBY 21:45:58 [synth/formal_skid_cover] engine_0: ##   0:00:00  Checking cover reachability in step 3..
SBY 21:45:58 [synth/formal_skid_cover] engine_0: ##   0:00:00  Checking cover reachability in step 4..
SBY 21:45:58 [synth/formal_skid_cover] engine_0: ##   0:00:00  Reached cover statement in step 4 at skid: skid.sv:69.9-69.23 (_witness_.check_cover_skid_sv_69_61)
SBY 21:45:58 [synth/formal_skid_cover] engine_0: ##   0:00:00  Writing trace to VCD file: engine_0/trace1.vcd
SBY 21:45:58 [synth/formal_skid_cover] engine_0: ##   0:00:00  Writing trace to Verilog testbench: engine_0/trace1_tb.v
SBY 21:45:58 [synth/formal_skid_cover] engine_0: ##   0:00:00  Writing trace to constraints file: engine_0/trace1.smtc
SBY 21:45:58 [synth/formal_skid_cover] engine_0: ##   0:00:00  Writing trace to Yosys witness file: engine_0/trace1.yw
SBY 21:45:58 [synth/formal_skid_cover] engine_0: ##   0:00:00  Status: passed
SBY 21:45:58 [synth/formal_skid_cover] engine_0: finished (returncode=0)
SBY 21:45:58 [synth/formal_skid_cover] engine_0: Status returned by engine: pass
SBY 21:45:58 [synth/formal_skid_cover] summary: Elapsed clock time [H:MM:SS (secs)]: 0:00:00 (0)
SBY 21:45:58 [synth/formal_skid_cover] summary: Elapsed process time [H:MM:SS (secs)]: 0:00:00 (0)
SBY 21:45:58 [synth/formal_skid_cover] summary: engine_0 (smtbmc) returned pass
SBY 21:45:58 [synth/formal_skid_cover] summary: cover trace: synth/formal_skid_cover/engine_0/trace0.vcd
SBY 21:45:58 [synth/formal_skid_cover] summary:   reached cover statement skid._witness_.check_cover_skid_sv_70_62 at skid.sv:70.9-70.34 step 3
SBY 21:45:58 [synth/formal_skid_cover] summary: cover trace: synth/formal_skid_cover/engine_0/trace1.vcd
SBY 21:45:58 [synth/formal_skid_cover] summary:   reached cover statement skid._witness_.check_cover_skid_sv_69_61 at skid.sv:69.9-69.23 step 4
SBY 21:45:58 [synth/formal_skid_cover] DONE (PASS, rc=0)
</system-out>
<system-err>
</system-err>
</testsuite>
</testsuites>
