<?xml version="1.0" encoding="UTF-8"?>
<testsuites>
<testsuite timestamp="2026-09-06T09:49:14" hostname="Kogan-Hard-Reset-Laptop" package="formal" id="0" name="cover" tests="13" errors="0" failures="0" time="0" skipped="8">
<properties>
<property name="os" value="Linux"/>
<property name="expect" value="PASS"/>
<property name="status" value="PASS"/>
</properties>
<testcase classname="cover" name="build execution" time="0">
</testcase>
<testcase classname="cover" name="Property ASSERT in fsm_arcs at fsm_arcs.sv:66.13-66.31" time="0" type="ASSERT" location="fsm_arcs.sv:66.13-66.31" id="_witness_.check_assert_fsm_arcs_sv_66_54">
<skipped />
</testcase>
<testcase classname="cover" name="Property ASSERT in fsm_arcs at fsm_arcs.sv:70.34-70.68" time="0" type="ASSERT" location="fsm_arcs.sv:70.34-70.68" id="_witness_.check_assert_fsm_arcs_sv_70_59">
<skipped />
</testcase>
<testcase classname="cover" name="Property ASSERT in fsm_arcs at fsm_arcs.sv:71.34-71.68" time="0" type="ASSERT" location="fsm_arcs.sv:71.34-71.68" id="_witness_.check_assert_fsm_arcs_sv_71_64">
<skipped />
</testcase>
<testcase classname="cover" name="Property ASSERT in fsm_arcs at fsm_arcs.sv:72.34-72.68" time="0" type="ASSERT" location="fsm_arcs.sv:72.34-72.68" id="_witness_.check_assert_fsm_arcs_sv_72_69">
<skipped />
</testcase>
<testcase classname="cover" name="Property ASSERT in fsm_arcs at fsm_arcs.sv:73.34-73.85" time="0" type="ASSERT" location="fsm_arcs.sv:73.34-73.85" id="_witness_.check_assert_fsm_arcs_sv_73_74">
<skipped />
</testcase>
<testcase classname="cover" name="Property ASSERT in fsm_arcs at fsm_arcs.sv:74.34-74.53" time="0" type="ASSERT" location="fsm_arcs.sv:74.34-74.53" id="_witness_.check_assert_fsm_arcs_sv_74_81">
<skipped />
</testcase>
<testcase classname="cover" name="Property ASSERT in fsm_arcs at fsm_arcs.sv:75.34-75.53" time="0" type="ASSERT" location="fsm_arcs.sv:75.34-75.53" id="_witness_.check_assert_fsm_arcs_sv_75_84">
<skipped />
</testcase>
<testcase classname="cover" name="Property ASSERT in fsm_arcs at fsm_arcs.sv:78.17-78.38" time="0" type="ASSERT" location="fsm_arcs.sv:78.17-78.38" id="_witness_.check_assert_fsm_arcs_sv_78_89">
<skipped />
</testcase>
<testcase classname="cover" name="Property COVER in fsm_arcs at fsm_arcs.sv:85.13-85.32" time="0" type="COVER" location="fsm_arcs.sv:85.13-85.32" id="_witness_.check_cover_fsm_arcs_sv_85_92" tracefile="engine_0/trace0.vcd">
</testcase>
<testcase classname="cover" name="Property COVER in fsm_arcs at fsm_arcs.sv:86.13-86.30" time="0" type="COVER" location="fsm_arcs.sv:86.13-86.30" id="_witness_.check_cover_fsm_arcs_sv_86_94" tracefile="engine_0/trace1.vcd">
</testcase>
<testcase classname="cover" name="Property COVER in fsm_arcs at fsm_arcs.sv:87.13-87.33" time="0" type="COVER" location="fsm_arcs.sv:87.13-87.33" id="_witness_.check_cover_fsm_arcs_sv_87_96" tracefile="engine_0/trace3.vcd">
</testcase>
<testcase classname="cover" name="Property COVER in fsm_arcs at fsm_arcs.sv:88.13-88.33" time="0" type="COVER" location="fsm_arcs.sv:88.13-88.33" id="_witness_.check_cover_fsm_arcs_sv_88_98" tracefile="engine_0/trace2.vcd">
</testcase>
<testcase classname="cover" name="Property COVER in fsm_arcs at fsm_arcs.sv:89.13-89.34" time="0" type="COVER" location="fsm_arcs.sv:89.13-89.34" id="_witness_.check_cover_fsm_arcs_sv_89_100" tracefile="engine_0/trace4.vcd">
</testcase>
<system-out>SBY  9:49:14 [synth/formal_bmc] Removing directory '/home/yuvalk/HWSW/HWSW_Proj/hw/grape_pipeline/synth/formal_bmc'.
SBY  9:49:14 [synth/formal_cover] Removing directory '/home/yuvalk/HWSW/HWSW_Proj/hw/grape_pipeline/synth/formal_cover'.
SBY  9:49:14 [synth/formal_cover] Copy '/home/yuvalk/HWSW/HWSW_Proj/hw/grape_pipeline/rtl/grape_step_fsm.sv' to '/home/yuvalk/HWSW/HWSW_Proj/hw/grape_pipeline/synth/formal_cover/src/grape_step_fsm.sv'.
SBY  9:49:14 [synth/formal_cover] Copy '/home/yuvalk/HWSW/HWSW_Proj/hw/grape_pipeline/formal/fsm_arcs.sv' to '/home/yuvalk/HWSW/HWSW_Proj/hw/grape_pipeline/synth/formal_cover/src/fsm_arcs.sv'.
SBY  9:49:14 [synth/formal_cover] engine_0: smtbmc
SBY  9:49:14 [synth/formal_cover] base: starting process &quot;cd synth/formal_cover/src; yosys -ql ../model/design.log ../model/design.ys&quot;
SBY  9:49:14 [synth/formal_cover] base: finished (returncode=0)
SBY  9:49:14 [synth/formal_cover] prep: starting process &quot;cd synth/formal_cover/model; yosys -ql design_prep.log design_prep.ys&quot;
SBY  9:49:14 [synth/formal_cover] prep: finished (returncode=0)
SBY  9:49:14 [synth/formal_cover] smt2: starting process &quot;cd synth/formal_cover/model; yosys -ql design_smt2.log design_smt2.ys&quot;
SBY  9:49:14 [synth/formal_cover] smt2: finished (returncode=0)
SBY  9:49:14 [synth/formal_cover] engine_0: starting process &quot;cd synth/formal_cover; yosys-smtbmc --presat --unroll -c --noprogress -t 40  --append 0 --dump-vcd engine_0/trace%.vcd --dump-yw engine_0/trace%.yw --dump-vlogtb engine_0/trace%_tb.v --dump-smtc engine_0/trace%.smtc model/design_smt2.smt2&quot;
SBY  9:49:14 [synth/formal_cover] engine_0: ##   0:00:00  Solver: yices
SBY  9:49:14 [synth/formal_cover] engine_0: ##   0:00:00  Checking cover reachability in step 0..
SBY  9:49:14 [synth/formal_cover] engine_0: ##   0:00:00  Checking cover reachability in step 1..
SBY  9:49:14 [synth/formal_cover] engine_0: ##   0:00:00  Checking cover reachability in step 2..
SBY  9:49:14 [synth/formal_cover] engine_0: ##   0:00:00  Checking cover reachability in step 3..
SBY  9:49:14 [synth/formal_cover] engine_0: ##   0:00:00  Reached cover statement in step 3 at fsm_arcs: fsm_arcs.sv:85.13-85.32 (_witness_.check_cover_fsm_arcs_sv_85_92)
SBY  9:49:14 [synth/formal_cover] engine_0: ##   0:00:00  Writing trace to VCD file: engine_0/trace0.vcd
SBY  9:49:14 [synth/formal_cover] engine_0: ##   0:00:00  Writing trace to Verilog testbench: engine_0/trace0_tb.v
SBY  9:49:14 [synth/formal_cover] engine_0: ##   0:00:00  Writing trace to constraints file: engine_0/trace0.smtc
SBY  9:49:14 [synth/formal_cover] engine_0: ##   0:00:00  Writing trace to Yosys witness file: engine_0/trace0.yw
SBY  9:49:14 [synth/formal_cover] engine_0: ##   0:00:00  Checking cover reachability in step 3..
SBY  9:49:14 [synth/formal_cover] engine_0: ##   0:00:00  Checking cover reachability in step 4..
SBY  9:49:14 [synth/formal_cover] engine_0: ##   0:00:00  Reached cover statement in step 4 at fsm_arcs: fsm_arcs.sv:86.13-86.30 (_witness_.check_cover_fsm_arcs_sv_86_94)
SBY  9:49:14 [synth/formal_cover] engine_0: ##   0:00:00  Writing trace to VCD file: engine_0/trace1.vcd
SBY  9:49:14 [synth/formal_cover] engine_0: ##   0:00:00  Writing trace to Verilog testbench: engine_0/trace1_tb.v
SBY  9:49:14 [synth/formal_cover] engine_0: ##   0:00:00  Writing trace to constraints file: engine_0/trace1.smtc
SBY  9:49:14 [synth/formal_cover] engine_0: ##   0:00:00  Writing trace to Yosys witness file: engine_0/trace1.yw
SBY  9:49:14 [synth/formal_cover] engine_0: ##   0:00:00  Checking cover reachability in step 4..
SBY  9:49:14 [synth/formal_cover] engine_0: ##   0:00:00  Reached cover statement in step 4 at fsm_arcs: fsm_arcs.sv:88.13-88.33 (_witness_.check_cover_fsm_arcs_sv_88_98)
SBY  9:49:14 [synth/formal_cover] engine_0: ##   0:00:00  Writing trace to VCD file: engine_0/trace2.vcd
SBY  9:49:14 [synth/formal_cover] engine_0: ##   0:00:00  Writing trace to Verilog testbench: engine_0/trace2_tb.v
SBY  9:49:14 [synth/formal_cover] engine_0: ##   0:00:00  Writing trace to constraints file: engine_0/trace2.smtc
SBY  9:49:14 [synth/formal_cover] engine_0: ##   0:00:00  Writing trace to Yosys witness file: engine_0/trace2.yw
SBY  9:49:14 [synth/formal_cover] engine_0: ##   0:00:00  Checking cover reachability in step 4..
SBY  9:49:14 [synth/formal_cover] engine_0: ##   0:00:00  Checking cover reachability in step 5..
SBY  9:49:14 [synth/formal_cover] engine_0: ##   0:00:00  Reached cover statement in step 5 at fsm_arcs: fsm_arcs.sv:87.13-87.33 (_witness_.check_cover_fsm_arcs_sv_87_96)
SBY  9:49:14 [synth/formal_cover] engine_0: ##   0:00:00  Writing trace to VCD file: engine_0/trace3.vcd
SBY  9:49:14 [synth/formal_cover] engine_0: ##   0:00:00  Writing trace to Verilog testbench: engine_0/trace3_tb.v
SBY  9:49:14 [synth/formal_cover] engine_0: ##   0:00:00  Writing trace to constraints file: engine_0/trace3.smtc
SBY  9:49:14 [synth/formal_cover] engine_0: ##   0:00:00  Writing trace to Yosys witness file: engine_0/trace3.yw
SBY  9:49:14 [synth/formal_cover] engine_0: ##   0:00:00  Checking cover reachability in step 5..
SBY  9:49:14 [synth/formal_cover] engine_0: ##   0:00:00  Checking cover reachability in step 6..
SBY  9:49:14 [synth/formal_cover] engine_0: ##   0:00:00  Reached cover statement in step 6 at fsm_arcs: fsm_arcs.sv:89.13-89.34 (_witness_.check_cover_fsm_arcs_sv_89_100)
SBY  9:49:14 [synth/formal_cover] engine_0: ##   0:00:00  Writing trace to VCD file: engine_0/trace4.vcd
SBY  9:49:14 [synth/formal_cover] engine_0: ##   0:00:00  Writing trace to Verilog testbench: engine_0/trace4_tb.v
SBY  9:49:14 [synth/formal_cover] engine_0: ##   0:00:00  Writing trace to constraints file: engine_0/trace4.smtc
SBY  9:49:14 [synth/formal_cover] engine_0: ##   0:00:00  Writing trace to Yosys witness file: engine_0/trace4.yw
SBY  9:49:14 [synth/formal_cover] engine_0: ##   0:00:00  Status: passed
SBY  9:49:14 [synth/formal_cover] engine_0: finished (returncode=0)
SBY  9:49:14 [synth/formal_cover] engine_0: Status returned by engine: pass
SBY  9:49:14 [synth/formal_cover] summary: Elapsed clock time [H:MM:SS (secs)]: 0:00:00 (0)
SBY  9:49:14 [synth/formal_cover] summary: Elapsed process time [H:MM:SS (secs)]: 0:00:00 (0)
SBY  9:49:14 [synth/formal_cover] summary: engine_0 (smtbmc) returned pass
SBY  9:49:14 [synth/formal_cover] summary: cover trace: synth/formal_cover/engine_0/trace0.vcd
SBY  9:49:14 [synth/formal_cover] summary:   reached cover statement fsm_arcs._witness_.check_cover_fsm_arcs_sv_85_92 at fsm_arcs.sv:85.13-85.32 step 3
SBY  9:49:14 [synth/formal_cover] summary: cover trace: synth/formal_cover/engine_0/trace1.vcd
SBY  9:49:14 [synth/formal_cover] summary:   reached cover statement fsm_arcs._witness_.check_cover_fsm_arcs_sv_86_94 at fsm_arcs.sv:86.13-86.30 step 4
SBY  9:49:14 [synth/formal_cover] summary: cover trace: synth/formal_cover/engine_0/trace2.vcd
SBY  9:49:14 [synth/formal_cover] summary:   reached cover statement fsm_arcs._witness_.check_cover_fsm_arcs_sv_88_98 at fsm_arcs.sv:88.13-88.33 step 4
SBY  9:49:14 [synth/formal_cover] summary: cover trace: synth/formal_cover/engine_0/trace3.vcd
SBY  9:49:14 [synth/formal_cover] summary:   reached cover statement fsm_arcs._witness_.check_cover_fsm_arcs_sv_87_96 at fsm_arcs.sv:87.13-87.33 step 5
SBY  9:49:14 [synth/formal_cover] summary: cover trace: synth/formal_cover/engine_0/trace4.vcd
SBY  9:49:14 [synth/formal_cover] summary:   reached cover statement fsm_arcs._witness_.check_cover_fsm_arcs_sv_89_100 at fsm_arcs.sv:89.13-89.34 step 6
SBY  9:49:14 [synth/formal_cover] DONE (PASS, rc=0)
</system-out>
<system-err>
</system-err>
</testsuite>
</testsuites>
